2020-11-23 17:59:58,906 INFO org.springframework.boot.StartupInfoLogger [restartedMain] Starting ContactApplication on DESKTOP-UNN84IV with PID 8616 (E:\mahesh\Contact_Application\target\classes started by DELL in E:\mahesh\Contact_Application)
2020-11-23 17:59:58,915 INFO org.springframework.boot.SpringApplication [restartedMain] No active profile set, falling back to default profiles: default
2020-11-23 17:59:59,095 INFO org.springframework.boot.logging.DeferredLog [restartedMain] Devtools property defaults active! Set 'spring.devtools.add-properties' to 'false' to disable
2020-11-23 17:59:59,096 INFO org.springframework.boot.logging.DeferredLog [restartedMain] For additional web related logging consider setting the 'logging.level.web' property to 'DEBUG'
2020-11-23 18:00:01,545 INFO org.springframework.data.repository.config.RepositoryConfigurationDelegate [restartedMain] Bootstrapping Spring Data JPA repositories in DEFERRED mode.
2020-11-23 18:00:01,706 INFO org.springframework.data.repository.config.RepositoryConfigurationDelegate [restartedMain] Finished Spring Data repository scanning in 132ms. Found 1 JPA repository interfaces.
2020-11-23 18:00:03,108 INFO org.springframework.boot.web.embedded.tomcat.TomcatWebServer [restartedMain] Tomcat initialized with port(s): 9090 (http)
2020-11-23 18:00:03,148 INFO org.apache.juli.logging.DirectJDKLog [restartedMain] Initializing ProtocolHandler ["http-nio-9090"]
2020-11-23 18:00:03,149 INFO org.apache.juli.logging.DirectJDKLog [restartedMain] Starting service [Tomcat]
2020-11-23 18:00:03,150 INFO org.apache.juli.logging.DirectJDKLog [restartedMain] Starting Servlet engine: [Apache Tomcat/9.0.37]
2020-11-23 18:00:03,758 INFO org.apache.juli.logging.DirectJDKLog [restartedMain] At least one JAR was scanned for TLDs yet contained no TLDs. Enable debug logging for this logger for a complete list of JARs that were scanned but no TLDs were found in them. Skipping unneeded JARs during scanning can improve startup time and JSP compilation time.
2020-11-23 18:00:03,780 INFO org.apache.juli.logging.DirectJDKLog [restartedMain] Initializing Spring embedded WebApplicationContext
2020-11-23 18:00:03,780 INFO org.springframework.boot.web.servlet.context.ServletWebServerApplicationContext [restartedMain] Root WebApplicationContext: initialization completed in 4684 ms
2020-11-23 18:00:03,840 INFO com.zaxxer.hikari.HikariDataSource [restartedMain] HikariPool-1 - Starting...
2020-11-23 18:00:03,967 INFO com.zaxxer.hikari.HikariDataSource [restartedMain] HikariPool-1 - Start completed.
2020-11-23 18:00:03,976 INFO org.springframework.boot.autoconfigure.h2.H2ConsoleAutoConfiguration [restartedMain] H2 console available at '/h2-console'. Database available at 'jdbc:h2:mem:testdb'
2020-11-23 18:00:04,431 INFO org.springframework.scheduling.concurrent.ExecutorConfigurationSupport [restartedMain] Initializing ExecutorService 'applicationTaskExecutor'
2020-11-23 18:00:04,597 INFO org.hibernate.jpa.internal.util.LogHelper [task-1] HHH000204: Processing PersistenceUnitInfo [name: default]
2020-11-23 18:00:04,771 WARN org.springframework.boot.autoconfigure.orm.jpa.JpaBaseConfiguration$JpaWebConfiguration [restartedMain] spring.jpa.open-in-view is enabled by default. Therefore, database queries may be performed during view rendering. Explicitly configure spring.jpa.open-in-view to disable this warning
2020-11-23 18:00:04,800 INFO org.hibernate.Version [task-1] HHH000412: Hibernate ORM core version 5.4.20.Final
2020-11-23 18:00:05,531 INFO org.hibernate.annotations.common.reflection.java.JavaReflectionManager [task-1] HCANN000001: Hibernate Commons Annotations {5.1.0.Final}
2020-11-23 18:00:05,789 INFO org.springframework.boot.autoconfigure.web.servlet.WelcomePageHandlerMapping [restartedMain] Adding welcome page template: index
2020-11-23 18:00:05,992 INFO org.hibernate.dialect.Dialect [task-1] HHH000400: Using dialect: org.hibernate.dialect.H2Dialect
2020-11-23 18:00:06,148 INFO org.springframework.boot.devtools.autoconfigure.OptionalLiveReloadServer [restartedMain] LiveReload server is running on port 35729
2020-11-23 18:00:06,182 INFO org.apache.juli.logging.DirectJDKLog [restartedMain] Starting ProtocolHandler ["http-nio-9090"]
2020-11-23 18:00:06,246 INFO org.springframework.boot.web.embedded.tomcat.TomcatWebServer [restartedMain] Tomcat started on port(s): 9090 (http) with context path ''
2020-11-23 18:00:06,249 INFO org.springframework.data.repository.config.DeferredRepositoryInitializationListener [restartedMain] Triggering deferred initialization of Spring Data repositories…
2020-11-23 18:00:07,307 INFO org.hibernate.engine.transaction.jta.platform.internal.JtaPlatformInitiator [task-1] HHH000490: Using JtaPlatform implementation: [org.hibernate.engine.transaction.jta.platform.internal.NoJtaPlatform]
2020-11-23 18:00:07,326 INFO org.springframework.orm.jpa.AbstractEntityManagerFactoryBean [task-1] Initialized JPA EntityManagerFactory for persistence unit 'default'
2020-11-23 18:00:07,676 INFO org.springframework.data.repository.config.DeferredRepositoryInitializationListener [restartedMain] Spring Data repositories initialized!
2020-11-23 18:00:07,689 INFO org.springframework.boot.StartupInfoLogger [restartedMain] Started ContactApplication in 10.244 seconds (JVM running for 12.808)
2020-11-23 18:00:30,201 INFO org.apache.juli.logging.DirectJDKLog [http-nio-9090-exec-2] Initializing Spring DispatcherServlet 'dispatcherServlet'
2020-11-23 18:00:30,202 INFO org.springframework.web.servlet.FrameworkServlet [http-nio-9090-exec-2] Initializing Servlet 'dispatcherServlet'
2020-11-23 18:00:30,228 INFO org.springframework.web.servlet.FrameworkServlet [http-nio-9090-exec-2] Completed initialization in 26 ms
2020-11-23 18:01:04,252 INFO org.springframework.boot.admin.SpringApplicationAdminMXBeanRegistrar$SpringApplicationAdmin [RMI TCP Connection(2)-127.0.0.1] Application shutdown requested.
2020-11-23 18:01:04,282 INFO org.springframework.orm.jpa.AbstractEntityManagerFactoryBean [RMI TCP Connection(2)-127.0.0.1] Closing JPA EntityManagerFactory for persistence unit 'default'
2020-11-23 18:01:04,287 INFO org.springframework.scheduling.concurrent.ExecutorConfigurationSupport [RMI TCP Connection(2)-127.0.0.1] Shutting down ExecutorService 'applicationTaskExecutor'
2020-11-23 18:01:04,500 WARN org.springframework.beans.factory.support.DisposableBeanAdapter [RMI TCP Connection(2)-127.0.0.1] Invocation of destroy method failed on bean with name 'inMemoryDatabaseShutdownExecutor': org.h2.jdbc.JdbcSQLNonTransientConnectionException: Database is already closed (to disable automatic closing at VM shutdown, add ";DB_CLOSE_ON_EXIT=FALSE" to the db URL) [90121-200]
2020-11-23 18:01:04,501 INFO com.zaxxer.hikari.HikariDataSource [RMI TCP Connection(2)-127.0.0.1] HikariPool-1 - Shutdown initiated...
2020-11-23 18:01:04,551 INFO com.zaxxer.hikari.HikariDataSource [RMI TCP Connection(2)-127.0.0.1] HikariPool-1 - Shutdown completed.
